###############################################################################
#
# IAR C/C++ Compiler V10.30.1.6000 for 8051               04/Sep/2021  12:32:42
# Copyright 2004-2018 IAR Systems AB.
# PC-locked license - IAR Embedded Workbench for 8051
#
#    Core               =  plain
#    Code model         =  banked
#    Data model         =  large
#    Calling convention =  xdata reentrant
#    Constant location  =  data_rom
#    Dptr setup         =  1,16
#                          
#    Source file        =  
#        C:\Users\OY\Desktop\ing\new\ZStack-2.5.1a\Projects\zstack\Samples\SampleApp\Source\SampleApp.c
#    Command line       =  
#        -f C:\Users\OY\AppData\Local\Temp\EW6A9F.tmp
#        (C:\Users\OY\Desktop\ing\new\ZStack-2.5.1a\Projects\zstack\Samples\SampleApp\Source\SampleApp.c
#        -D NWK_AUTO_POLL -D ZTOOL_P1 -D MT_TASK -D MT_SYS_FUNC -D MT_ZDO_FUNC
#        -D LCD_SUPPORTED=DEBUG -lC
#        C:\Users\OY\Desktop\ing\new\ZStack-2.5.1a\Projects\zstack\Samples\SampleApp\CC2530DB\EndDeviceEB\List
#        -lA
#        C:\Users\OY\Desktop\ing\new\ZStack-2.5.1a\Projects\zstack\Samples\SampleApp\CC2530DB\EndDeviceEB\List
#        --diag_suppress Pe001,Pa010 -o
#        C:\Users\OY\Desktop\ing\new\ZStack-2.5.1a\Projects\zstack\Samples\SampleApp\CC2530DB\EndDeviceEB\Obj
#        -e --debug --core=plain --dptr=16,1 --data_model=large
#        --code_model=banked --calling_convention=xdata_reentrant
#        --place_constants=data_rom --nr_virtual_regs 8 -f
#        C:\Users\OY\Desktop\ing\new\ZStack-2.5.1a\Projects\zstack\Samples\SampleApp\CC2530DB\..\..\..\Tools\CC2530DB\f8wEndev.cfg
#        (-DCPU32MHZ -DROOT=__near_func -DMAC_CFG_TX_DATA_MAX=3
#        -DMAC_CFG_TX_MAX=6 -DMAC_CFG_RX_MAX=3) -f
#        C:\Users\OY\Desktop\ing\new\ZStack-2.5.1a\Projects\zstack\Samples\SampleApp\CC2530DB\..\..\..\Tools\CC2530DB\f8wConfig.cfg
#        (-DZIGBEEPRO -DSECURE=0 -DZG_SECURE_DYNAMIC=0 -DREFLECTOR
#        -DDEFAULT_CHANLIST=0x00000800 -DZDAPP_CONFIG_PAN_ID=0xFFF1
#        -DNWK_START_DELAY=100 -DEXTENDED_JOINING_RANDOM_MASK=0x007F
#        -DBEACON_REQUEST_DELAY=100 -DBEACON_REQ_DELAY_MASK=0x00FF
#        -DLINK_STATUS_JITTER_MASK=0x007F -DROUTE_EXPIRY_TIME=30
#        -DAPSC_ACK_WAIT_DURATION_POLLED=3000 -DNWK_INDIRECT_MSG_TIMEOUT=7
#        -DMAX_RREQ_ENTRIES=8 -DAPSC_MAX_FRAME_RETRIES=3
#        -DNWK_MAX_DATA_RETRIES=2 -DMAX_POLL_FAILURE_RETRIES=2 -DMAX_BCAST=9
#        -DAPS_MAX_GROUPS=16 -DMAX_RTG_ENTRIES=40 -DNWK_MAX_BINDING_ENTRIES=4
#        -DMAX_BINDING_CLUSTER_IDS=4 "-DDEFAULT_KEY={0x01, 0x03, 0x05, 0x07,
#        0x09, 0x0B, 0x0D, 0x0F, 0x00, 0x02, 0x04, 0x06, 0x08, 0x0A, 0x0C,
#        0x0D}" -DMAC_MAX_FRAME_SIZE=116 -DZDNWKMGR_MIN_TRANSMISSIONS=20
#        "-DCONST=const __code" -DGENERIC=__generic -DRFD_RCVC_ALWAYS_ON=FALSE
#        -DPOLL_RATE=1000 -DQUEUED_POLL_RATE=100 -DRESPONSE_POLL_RATE=100
#        -DREJOIN_POLL_RATE=440) -I
#        C:\Users\OY\Desktop\ing\new\ZStack-2.5.1a\Projects\zstack\Samples\SampleApp\CC2530DB\
#        -I
#        C:\Users\OY\Desktop\ing\new\ZStack-2.5.1a\Projects\zstack\Samples\SampleApp\CC2530DB\..\Source\
#        -I
#        C:\Users\OY\Desktop\ing\new\ZStack-2.5.1a\Projects\zstack\Samples\SampleApp\CC2530DB\..\..\..\ZMain\TI2530DB\
#        -I
#        C:\Users\OY\Desktop\ing\new\ZStack-2.5.1a\Projects\zstack\Samples\SampleApp\CC2530DB\..\..\..\..\..\Components\hal\include\
#        -I
#        C:\Users\OY\Desktop\ing\new\ZStack-2.5.1a\Projects\zstack\Samples\SampleApp\CC2530DB\..\..\..\..\..\Components\hal\target\CC2530EB\
#        -I
#        C:\Users\OY\Desktop\ing\new\ZStack-2.5.1a\Projects\zstack\Samples\SampleApp\CC2530DB\..\..\..\..\..\Components\mac\include\
#        -I
#        C:\Users\OY\Desktop\ing\new\ZStack-2.5.1a\Projects\zstack\Samples\SampleApp\CC2530DB\..\..\..\..\..\Components\mac\high_level\
#        -I
#        C:\Users\OY\Desktop\ing\new\ZStack-2.5.1a\Projects\zstack\Samples\SampleApp\CC2530DB\..\..\..\..\..\Components\mac\low_level\srf04\
#        -I
#        C:\Users\OY\Desktop\ing\new\ZStack-2.5.1a\Projects\zstack\Samples\SampleApp\CC2530DB\..\..\..\..\..\Components\mac\low_level\srf04\single_chip\
#        -I
#        C:\Users\OY\Desktop\ing\new\ZStack-2.5.1a\Projects\zstack\Samples\SampleApp\CC2530DB\..\..\..\..\..\Components\mt\
#        -I
#        C:\Users\OY\Desktop\ing\new\ZStack-2.5.1a\Projects\zstack\Samples\SampleApp\CC2530DB\..\..\..\..\..\Components\osal\include\
#        -I
#        C:\Users\OY\Desktop\ing\new\ZStack-2.5.1a\Projects\zstack\Samples\SampleApp\CC2530DB\..\..\..\..\..\Components\services\saddr\
#        -I
#        C:\Users\OY\Desktop\ing\new\ZStack-2.5.1a\Projects\zstack\Samples\SampleApp\CC2530DB\..\..\..\..\..\Components\services\sdata\
#        -I
#        C:\Users\OY\Desktop\ing\new\ZStack-2.5.1a\Projects\zstack\Samples\SampleApp\CC2530DB\..\..\..\..\..\Components\stack\af\
#        -I
#        C:\Users\OY\Desktop\ing\new\ZStack-2.5.1a\Projects\zstack\Samples\SampleApp\CC2530DB\..\..\..\..\..\Components\stack\nwk\
#        -I
#        C:\Users\OY\Desktop\ing\new\ZStack-2.5.1a\Projects\zstack\Samples\SampleApp\CC2530DB\..\..\..\..\..\Components\stack\sapi\
#        -I
#        C:\Users\OY\Desktop\ing\new\ZStack-2.5.1a\Projects\zstack\Samples\SampleApp\CC2530DB\..\..\..\..\..\Components\stack\sec\
#        -I
#        C:\Users\OY\Desktop\ing\new\ZStack-2.5.1a\Projects\zstack\Samples\SampleApp\CC2530DB\..\..\..\..\..\Components\stack\sys\
#        -I
#        C:\Users\OY\Desktop\ing\new\ZStack-2.5.1a\Projects\zstack\Samples\SampleApp\CC2530DB\..\..\..\..\..\Components\stack\zdo\
#        -I
#        C:\Users\OY\Desktop\ing\new\ZStack-2.5.1a\Projects\zstack\Samples\SampleApp\CC2530DB\..\..\..\..\..\Components\zmac\
#        -I
#        C:\Users\OY\Desktop\ing\new\ZStack-2.5.1a\Projects\zstack\Samples\SampleApp\CC2530DB\..\..\..\..\..\Components\zmac\f8w\
#        -Ohz --no_code_motion)
#    Locale             =  Chinese (Simplified)_CHN.936
#    List file          =  
#        C:\Users\OY\Desktop\ing\new\ZStack-2.5.1a\Projects\zstack\Samples\SampleApp\CC2530DB\EndDeviceEB\List\SampleApp.lst
#    Object file        =  
#        C:\Users\OY\Desktop\ing\new\ZStack-2.5.1a\Projects\zstack\Samples\SampleApp\CC2530DB\EndDeviceEB\Obj\SampleApp.r51
#
###############################################################################

C:\Users\OY\Desktop\ing\new\ZStack-2.5.1a\Projects\zstack\Samples\SampleApp\Source\SampleApp.c
      1          /*********************************************************************
      2           * INCLUDES
      3           */
      4          
      5          #include <stdio.h>
      6          #include <string.h>
      7          #include "AF.h"
      8          #include "OnBoard.h"

   \                                 In  segment SFR_AN, at 0x80
   \   union <unnamed> volatile __sfr _A_P0
   \                     _A_P0:
   \   000000                DS 1

   \                                 In  segment SFR_AN, at 0x90
   \   union <unnamed> volatile __sfr _A_P1
   \                     _A_P1:
   \   000000                DS 1

   \                                 In  segment SFR_AN, at 0xf3
   \   unsigned char volatile __sfr P0SEL
   \                     P0SEL:
   \   000000                DS 1

   \                                 In  segment SFR_AN, at 0xfd
   \   unsigned char volatile __sfr P0DIR
   \                     P0DIR:
   \   000000                DS 1
      9          #include "OSAL_Tasks.h"
     10          #include "SampleApp.h"
     11          #include "ZDApp.h"
     12          #include "ZDObject.h"
     13          #include "ZDProfile.h"
     14          
     15          #include "hal_drivers.h"
     16          #include "hal_key.h"
     17          #if defined(LCD_SUPPORTED)
     18          #include "hal_lcd.h"
     19          #endif
     20          #include "hal_led.h"
     21          #include "hal_uart.h"
     22          
     23          #ifdef ZDO_COORDINATOR
     24          //协议文件
     25          #include "mqtt.h"
     26          #include "mqttkit.h"
     27          
     28          #else
     29          
     30          #include "dht11.h"
     31          
     32          #endif
     33          
     34          /*********************************************************************
     35           * MACROS
     36           */
     37          
     38          /*********************************************************************
     39           * CONSTANTS
     40           */
     41          
     42          #if !defined(SAMPLE_APP_PORT)
     43          #define SAMPLE_APP_PORT 0
     44          #endif
     45          
     46          #if !defined(SAMPLE_APP_RX_MAX)
     47          #define SAMPLE_APP_RX_MAX 200
     48          #endif
     49          
     50          // This list should be filled with Application specific Cluster IDs.

   \                                 In  segment XDATA_ROM_C, align 1
     51          const cId_t SampleApp_ClusterList[SAMPLE_MAX_CLUSTERS] =
   \                     SampleApp_ClusterList:
   \   000000   0100         DW 1
   \   000002   0200         DW 2
   \   000004   0300         DW 3
   \   000006   0400         DW 4
     52              {
     53                  SAMPLEAPP_P2P_CLUSTERID,
     54                  SAMPLEAPP_PERIODIC_CLUSTERID,
     55                  SERIALAPP_CONNECTREQ_CLUSTER,
     56                  SAMPLEAPP_CTE_CLUSTERID // coor to end
     57          };
     58          

   \                                 In  segment XDATA_ROM_C, align 1
     59          const SimpleDescriptionFormat_t SampleApp_SimpleDesc =
   \                     SampleApp_SimpleDesc:
   \   000000   0B           DB 11
   \   000001   050F         DW 3845
   \   000003   0100         DW 1
   \   000005   00           DB 0
   \   000006   04           DB 4
   \   000007   ....         DW SampleApp_ClusterList
   \   000009   04           DB 4
   \   00000A   ....         DW SampleApp_ClusterList
     60              {
     61                  SAMPLEAPP_ENDPOINT,             //  int   Endpoint;
     62                  SAMPLEAPP_PROFID,               //  uint16 AppProfId[2];
     63                  SAMPLEAPP_DEVICEID,             //  uint16 AppDeviceId[2];
     64                  SAMPLEAPP_DEVICE_VERSION,       //  int   AppDevVer:4;
     65                  SAMPLEAPP_FLAGS,                //  int   AppFlags:4;
     66                  SAMPLE_MAX_CLUSTERS,            //  byte  AppNumInClusters;
     67                  (cId_t *)SampleApp_ClusterList, //  byte *pAppInClusterList;
     68                  SAMPLE_MAX_CLUSTERS,            //  byte  AppNumOutClusters;
     69                  (cId_t *)SampleApp_ClusterList  //  byte *pAppOutClusterList;
     70          };
     71          

   \                                 In  segment XDATA_I, align 1, keep-with-next
     72          endPointDesc_t SampleApp_epDesc =
   \                     SampleApp_epDesc:
   \   000000                DS 6
   \   000006                REQUIRE `?<Initializer for SampleApp_epDesc>`
   \   000006                REQUIRE __INIT_XDATA_I
     73              {
     74                  SAMPLEAPP_ENDPOINT,
     75                  &SampleApp_TaskID,
     76                  (SimpleDescriptionFormat_t *)&SampleApp_SimpleDesc,
     77                  noLatencyReqs};
     78          
     79          /*********************************************************************
     80           * TYPEDEFS
     81           */
     82          
     83          /*********************************************************************
     84           * GLOBAL VARIABLES
     85           */

   \                                 In  segment XDATA_Z, align 1, keep-with-next
     86          devStates_t SampleApp_NwkState;
   \                     SampleApp_NwkState:
   \   000000                DS 1
   \   000001                REQUIRE __INIT_XDATA_Z

   \                                 In  segment XDATA_Z, align 1, keep-with-next
     87          uint8 SampleApp_TaskID; // Task ID for internal task/event processing.
   \                     SampleApp_TaskID:
   \   000000                DS 1
   \   000001                REQUIRE __INIT_XDATA_Z
     88          
     89          /*********************************************************************
     90           * EXTERNAL VARIABLES
     91           */
     92          
     93          /*********************************************************************
     94           * EXTERNAL FUNCTIONS
     95           */
     96          
     97          /*********************************************************************
     98           * LOCAL VARIABLES
     99           */
    100          

   \                                 In  segment XDATA_Z, align 1, keep-with-next
    101          static uint8 SampleApp_MsgID; //消息id
   \                     SampleApp_MsgID:
   \   000000                DS 1
   \   000001                REQUIRE __INIT_XDATA_Z
    102          

   \                                 In  segment XDATA_Z, align 1, keep-with-next
    103          afAddrType_t SampleApp_P2P_DstAddr; //播类型
   \                     SampleApp_P2P_DstAddr:
   \   000000                DS 12
   \   00000C                REQUIRE __INIT_XDATA_Z
    104          

   \                                 In  segment XDATA_Z, align 1, keep-with-next
    105          static uint8 SampleApp_RxBuf[SAMPLE_APP_RX_MAX + 1] = {0};
   \                     SampleApp_RxBuf:
   \   000000                DS 201
   \   0000C9                REQUIRE __INIT_XDATA_Z
    106          static uint16 SampleApp_RxLen = 0;
    107          

   \                                 In  segment XDATA_Z, align 1, keep-with-next
    108          uint8 onenet_login_ok = 0; //onenet注册成功 0:未注册，1：注册中　2：注册成功
   \                     onenet_login_ok:
   \   000000                DS 1
   \   000001                REQUIRE __INIT_XDATA_Z

   \                                 In  segment XDATA_Z, align 1, keep-with-next
    109          uint8 end_temp;            //终端的温度
   \                     end_temp:
   \   000000                DS 1
   \   000001                REQUIRE __INIT_XDATA_Z

   \                                 In  segment XDATA_Z, align 1, keep-with-next
    110          uint8 end_hum;             //终端的湿度
   \                     end_hum:
   \   000000                DS 1
   \   000001                REQUIRE __INIT_XDATA_Z
    111          

   \                                 In  segment XDATA_Z, align 1, keep-with-next
    112          uint8 end_light = 0;     //开发板区域亮度     亮0-127灭
   \                     end_light:
   \   000000                DS 1
   \   000001                REQUIRE __INIT_XDATA_Z

   \                                 In  segment XDATA_Z, align 1, keep-with-next
    113          uint8 end_led2 = 0;      //终端节点开发板led3状态     0灭 1亮
   \                     end_led2:
   \   000000                DS 1
   \   000001                REQUIRE __INIT_XDATA_Z

   \                                 In  segment XDATA_Z, align 1, keep-with-next
    114          uint8 cor_led3 = 0;      //协调器led3 0灭 1亮
   \                     cor_led3:
   \   000000                DS 1
   \   000001                REQUIRE __INIT_XDATA_Z

   \                                 In  segment XDATA_Z, align 1, keep-with-next
    115          uint8 end_obstacles = 0; //终端障碍物 0无障碍(输出高电平） 1有障碍(低电平)
   \                     end_obstacles:
   \   000000                DS 1
   \   000001                REQUIRE __INIT_XDATA_Z

   \                                 In  segment XDATA_Z, align 1, keep-with-next
    116          uint8 end_buzzer = 0;    //buzzer 0不响 1响起
   \                     end_buzzer:
   \   000000                DS 1
   \   000001                REQUIRE __INIT_XDATA_Z
    117          #ifdef ZDO_COORDINATOR
    118          signed char *g_mqtt_topics_set[5] = {NULL};
    119          u8 topics_buff[60] = {0};
    120          u8 topics_post[100] = {0};  //发布的主题
    121          u8 mqtt_message[200] = {0}; //发布的消息
    122          #endif
    123          
    124          /*********************************************************************
    125           * LOCAL FUNCTIONS
    126           */
    127          
    128          static void SampleApp_ProcessMSGCmd(afIncomingMSGPacket_t *pkt);
    129          void SampleApp_CallBack(uint8 port, uint8 event);
    130          static void SampleApp_Send_P2P_Message(void);
    131          static void OneNet_publish_topic();
    132          void debug(uint8 *msg, ...);
    133          
    134          /*********************************************************************
    135           * @fn      SampleApp_Init
    136           *
    137           * @brief   This is called during OSAL tasks' initialization.
    138           *
    139           * @param   task_id - the Task ID assigned by OSAL.
    140           *
    141           * @return  none
    142           */

   \                                 In  segment BANKED_CODE, align 1, keep-with-next
    143          void SampleApp_Init(uint8 task_id)
   \                     SampleApp_Init:
    144          {
   \   000000   74F7         MOV       A,#-0x9
   \   000002   12....       LCALL     ?BANKED_ENTER_XDATA
   \   000005                ; Saved register size: 9
   \   000005                ; Auto size: 0
   \   000005   E9           MOV       A,R1
   \   000006   FE           MOV       R6,A
    145            halUARTCfg_t uartConfig;
    146          
    147            SampleApp_TaskID = task_id;
   \   000007   90....       MOV       DPTR,#SampleApp_TaskID
   \   00000A   F0           MOVX      @DPTR,A
    148            SampleApp_NwkState = DEV_INIT;
   \   00000B   90....       MOV       DPTR,#SampleApp_NwkState
   \   00000E   7401         MOV       A,#0x1
   \   000010   F0           MOVX      @DPTR,A
    149          
    150            MT_UartInit();                  //串口初始化
                   ^
Warning[Pe223]: function "MT_UartInit" declared implicitly
   \   000011                ; Setup parameters for call to function MT_UartInit
   \   000011   12....       LCALL     `??MT_UartInit::?relay`; Banked call to: MT_UartInit
    151            MT_UartRegisterTaskID(task_id); //注册串口任务
                   ^
Warning[Pe223]: function "MT_UartRegisterTaskID" declared implicitly
   \   000014                ; Setup parameters for call to function MT_UartRegisterTaskID
   \   000014   EE           MOV       A,R6
   \   000015   FA           MOV       R2,A
   \   000016   7B00         MOV       R3,#0x0
   \   000018   12....       LCALL     `??MT_UartRegisterTaskID::?relay`; Banked call to: MT_UartRegisterTaskID
    152            afRegister((endPointDesc_t *)&SampleApp_epDesc);
   \   00001B                ; Setup parameters for call to function afRegister
   \   00001B   7A..         MOV       R2,#SampleApp_epDesc & 0xff
   \   00001D   7B..         MOV       R3,#(SampleApp_epDesc >> 8) & 0xff
   \   00001F   12....       LCALL     `??afRegister::?relay`; Banked call to: afRegister
    153            RegisterForKeys(task_id);
   \   000022                ; Setup parameters for call to function RegisterForKeys
   \   000022   EE           MOV       A,R6
   \   000023   F9           MOV       R1,A
   \   000024   12....       LCALL     `??RegisterForKeys::?relay`; Banked call to: RegisterForKeys
    154          
    155          #ifdef ZDO_COORDINATOR
    156            //协调器初始化
    157          
    158            //逢蜂鸣器初始化
    159          
    160            //  P0SEL &= ~0x80;                 //设置P07为普通IO口
    161            //  P0DIR |= 0x80;                 //P07定义为输出口
    162            //
    163            //  //默认蜂鸣器不响
    164            //  P0_7=1;
    165          
    166            //初始化发布的主题
    167            sprintf(topics_post, "/post"); //"/sys/%s/%s/thing/event/property/post",ProductKey,DeviceName);
    168          
    169            //初始化订阅的主题
    170            sprintf(topics_buff, "/set"); //"/sys/%s/%s/thing/service/property/set",ProductKey,DeviceName);// /sys/a1sYYwS4kmH/mytestdev/thing/service/property/set
    171            g_mqtt_topics_set[0] = topics_buff;
    172          
    173            //协调器广播给终端
    174            SampleApp_P2P_DstAddr.addrMode = (afAddrMode_t)AddrBroadcast; //广播模式
    175            SampleApp_P2P_DstAddr.endPoint = SAMPLEAPP_ENDPOINT;
    176            SampleApp_P2P_DstAddr.addr.shortAddr = 0xFFFF; //发给终端
    177          
    178            //目的地址端口号
    179            endPointDesc_t SampleApp_epDesc;
    180            SampleApp_epDesc.endPoint = SAMPLEAPP_ENDPOINT;
    181            SampleApp_epDesc.task_id = &SampleApp_TaskID;
    182            SampleApp_epDesc.simpleDesc = (SimpleDescriptionFormat_t *)&SampleApp_SimpleDesc;
    183            SampleApp_epDesc.latencyReq = noLatencyReqs;
    184            afRegister(&SampleApp_epDesc);
    185          
    186          #else
    187            //终端点播给协调器
    188            SampleApp_P2P_DstAddr.addrMode = (afAddrMode_t)Addr16Bit; //点播
   \   000027   90....       MOV       DPTR,#SampleApp_P2P_DstAddr + 8
   \   00002A   7402         MOV       A,#0x2
   \   00002C   F0           MOVX      @DPTR,A
    189            SampleApp_P2P_DstAddr.endPoint = SAMPLEAPP_ENDPOINT;
   \   00002D   A3           INC       DPTR
   \   00002E   740B         MOV       A,#0xb
   \   000030   F0           MOVX      @DPTR,A
    190            SampleApp_P2P_DstAddr.addr.shortAddr = 0x0000; //发给协调器
   \   000031   90....       MOV       DPTR,#SampleApp_P2P_DstAddr
   \   000034   E4           CLR       A
   \   000035   F0           MOVX      @DPTR,A
   \   000036   A3           INC       DPTR
   \   000037   F0           MOVX      @DPTR,A
    191                                                           //初始化相关的模块连接的引脚 P0_4_5 通用io 输出 检查拉低与否
    192            P0SEL &= 0xCF;                                 //    11001111
   \   000038   53F3CF       ANL       0xf3,#0xcf
    193            P0DIR |= 0x00;                                 //0_5输入，无障碍物时被拉高      1输出    00010000
   \   00003B   85FDFD       MOV       0xfd,0xfd
    194          
    195          #endif
    196          }
   \   00003E   7F01         MOV       R7,#0x1
   \   000040   02....       LJMP      ?BANKED_LEAVE_XDATA
   \   000043                REQUIRE P0SEL
   \   000043                REQUIRE P0DIR
    197          

   \                                 In  segment BANKED_CODE, align 1, keep-with-next
    198          void SampleApp_HandleKeys(uint8 shift, uint8 keys)
   \                     SampleApp_HandleKeys:
    199          {
   \   000000                ; Saved register size: 0
   \   000000                ; Auto size: 0
    200            (void)shift; // Intentionally unreferenced parameter
    201          
    202          #if defined(ZDO_COORDINATOR)
    203          
    204            if (keys & HAL_KEY_SW_6) //key1
    205            {
    206              const signed char *g_mqtt_topics[] = {"mqtt_topic_test1"};
    207              if (0 == mqtt_subscribe_topic(g_mqtt_topics, 1))
    208              {
    209              }
    210            }
    211          
    212            if (keys & HAL_KEY_SW_1) //key2
    213            {
    214            }
    215          
    216          #endif
    217          }
   \   000000   02....       LJMP      ?BRET
    218          
    219          /*********************************************************************
    220           * @fn      SampleApp_ProcessEvent
    221           *
    222           * @brief   Generic Application Task event processor.
    223           *
    224           * @param   task_id  - The OSAL assigned task ID.
    225           * @param   events   - Bit map of events to process.
    226           *
    227           * @return  Event flags of all unprocessed events.
    228           */

   \                                 In  segment BANKED_CODE, align 1, keep-with-next
    229          UINT16 SampleApp_ProcessEvent(uint8 task_id, UINT16 events)
   \                     SampleApp_ProcessEvent:
    230          {
   \   000000                REQUIRE ?V0
   \   000000                REQUIRE ?V1
   \   000000                REQUIRE ?V2
   \   000000                REQUIRE ?V3
   \   000000   74F4         MOV       A,#-0xc
   \   000002   12....       LCALL     ?BANKED_ENTER_XDATA
   \   000005                ; Saved register size: 12
   \   000005                ; Auto size: 0
   \   000005   EA           MOV       A,R2
   \   000006   FE           MOV       R6,A
   \   000007   EB           MOV       A,R3
   \   000008   FF           MOV       R7,A
    231            (void)task_id; // Intentionally unreferenced parameter
    232          
    233            if (events & SYS_EVENT_MSG)
   \   000009   5480         ANL       A,#0x80
   \   00000B   7051         JNZ       ??SampleApp_ProcessEvent_0
    234            {
    235              afIncomingMSGPacket_t *MSGpkt;
    236          
    237              while ((MSGpkt = (afIncomingMSGPacket_t *)osal_msg_receive(SampleApp_TaskID)))
    238              {
    239                switch (MSGpkt->hdr.event)
    240                {
    241                case KEY_CHANGE:
    242                  SampleApp_HandleKeys(((keyChange_t *)MSGpkt)->state, ((keyChange_t *)MSGpkt)->keys);
    243                  break;
    244          
    245                case AF_INCOMING_MSG_CMD:
    246                  SampleApp_ProcessMSGCmd(MSGpkt);
    247                  break;
    248          
    249                case ZDO_STATE_CHANGE:
    250                  SampleApp_NwkState = (devStates_t)(MSGpkt->hdr.status);
    251                  if ((SampleApp_NwkState == DEV_ZB_COORD) ||
    252                      (SampleApp_NwkState == DEV_ROUTER) || (SampleApp_NwkState == DEV_END_DEVICE))
    253                  {
    254                    //连网成功后，启动一个定时器
    255                    osal_start_timerEx(SampleApp_TaskID,
    256                                       SAMPLEAPP_SEND_PERIODIC_MSG_EVT,
    257                                       SAMPLEAPP_SEND_PERIODIC_MSG_TIMEOUT);
    258                  }
    259                  else
    260                  {
    261                    // Device is no longer in the network
    262                  }
    263                  break;
    264          
    265                default:
    266                  break;
    267                }
    268          
    269                osal_msg_deallocate((uint8 *)MSGpkt);
    270              }
    271          
    272              return (events ^ SYS_EVENT_MSG);
    273            }
    274          
    275          #ifdef ZDO_COORDINATOR
    276          
    277            //定时器时间到
    278            if (events & SAMPLEAPP_SEND_PERIODIC_MSG_EVT)
    279            {
    280              if (onenet_login_ok == 2)
    281              {
    282                //如果接入onenet成功，启动心跳和发送数据定A器
    283          
    284                P1_1 = 0; //点亮D2
    285          
    286                // 启动心跳定时器，15秒一次
    287                osal_start_timerEx(SampleApp_TaskID, SAMPLEAPP_ONENET_HEART_BEAT_EVT, 15000);
    288          
    289                // 启动发送数据定时器，5秒一次
    290                osal_start_timerEx(SampleApp_TaskID, SAMPLEAPP_ONENET_SEND_DATA_EVT, 5000);
    291              }
    292              else
    293              {
    294                onenet_login_ok = 1; //onenet注册成功 0:未注册，1：注册中　2：注册成功
    295                SampleApp_RxLen = 0;
    296          
    297                //如果没有接入onenet成功，重新发起接入
    298                OneNet_DevLink(); //接入onenet服务器
    299          
    300                //LED2闪，表示正在接入onenet
    301                HalLedBlink(HAL_LED_2, 5, 50, 500);
    302          
    303                // 每5秒尝试接入一次
    304                osal_start_timerEx(SampleApp_TaskID, SAMPLEAPP_SEND_PERIODIC_MSG_EVT, 5000);
    305              }
    306          
    307              // return unprocessed events
    308              return (events ^ SAMPLEAPP_SEND_PERIODIC_MSG_EVT);
    309            }
    310          
    311            //心跳定时器时间到
    312            if (events & SAMPLEAPP_ONENET_HEART_BEAT_EVT)
    313            {
    314              if (onenet_login_ok == 2)
    315              {
    316                //发送心跳
    317                onenet_mqtt_send_heart();
    318              }
    319          
    320              // 启动心跳定时器，15秒一次
    321              osal_start_timerEx(SampleApp_TaskID, SAMPLEAPP_ONENET_HEART_BEAT_EVT, 15000);
    322          
    323              // return unprocessed events
    324              return (events ^ SAMPLEAPP_ONENET_HEART_BEAT_EVT);
    325            }
    326          
    327            //发送数据定时器时间到
    328            if (events & SAMPLEAPP_ONENET_SEND_DATA_EVT)
    329            {
    330              if (onenet_login_ok == 2)
    331              {
    332                //发送温湿度数据到onenet
    333                //    OneNet_SendData(end_temp, end_hum);
    334          
    335                sprintf(mqtt_message,
    336                        "{\"method\":\"thing.service.property.set\",\"id\":\"630262306\",\"params\":{\
    337                      \"temp\":%d,\
    338                      \"hum\":%d,\
    339                         \"end_light\":%d,\
    340                        \"end_led2\":%d,\
    341          			  \"end_obstacles\":%d }\
    342                  }",
    343                        end_temp,
    344                        end_hum,
    345                        end_light,
    346                        end_led2,
    347                        end_obstacles);
    348          
    349                //发布主题
    350                mqtt_publish_topic(topics_post, mqtt_message);
    351          
    352                //  OneNet_publish_topic();
    353              }
    354          
    355              // 启动发送数据定时器，5秒一次
    356              osal_start_timerEx(SampleApp_TaskID, SAMPLEAPP_ONENET_SEND_DATA_EVT, 5000);
    357          
    358              // return unprocessed events
    359              return (events ^ SAMPLEAPP_ONENET_SEND_DATA_EVT);
    360            }
    361          
    362          #else
    363          
    364            //定时器时间到
    365            if (events & SAMPLEAPP_SEND_PERIODIC_MSG_EVT)
   \   00000D   EA           MOV       A,R2
   \   00000E   A2E0         MOV       C,0xE0 /* A   */.0
   \   000010   5078         JNC       ??SampleApp_ProcessEvent_1
    366            {
    367          
    368              // DHT11采集
    369              SampleApp_Send_P2P_Message();
   \   000012                ; Setup parameters for call to function SampleApp_Send_P2P_Message
   \   000012   12....       LCALL     `??SampleApp_Send_P2P_Message::?relay`; Banked call to: SampleApp_Send_P2P_Message
    370          
    371              // Setup to send message again in normal period (+ a little jitter)
    372              osal_start_timerEx(SampleApp_TaskID, SAMPLEAPP_SEND_PERIODIC_MSG_EVT,
    373                                 (SAMPLEAPP_SEND_PERIODIC_MSG_TIMEOUT + (osal_rand() & 0x00FF)));
   \   000015                ; Setup parameters for call to function osal_rand
   \   000015   12....       LCALL     `??osal_rand::?relay`; Banked call to: osal_rand
   \   000018                ; Setup parameters for call to function osal_start_timerEx
   \   000018   EA           MOV       A,R2
   \   000019   24B8         ADD       A,#-0x48
   \   00001B   FC           MOV       R4,A
   \   00001C   E4           CLR       A
   \   00001D   340B         ADDC      A,#0xb
   \   00001F   FD           MOV       R5,A
   \   000020   7A01         MOV       R2,#0x1
   \   000022   7B00         MOV       R3,#0x0
   \   000024   90....       MOV       DPTR,#SampleApp_TaskID
   \   000027   E0           MOVX      A,@DPTR
   \   000028   F9           MOV       R1,A
   \   000029   12....       LCALL     `??osal_start_timerEx::?relay`; Banked call to: osal_start_timerEx
    374          
    375              // return unprocessed events
    376              return (events ^ SAMPLEAPP_SEND_PERIODIC_MSG_EVT);
   \   00002C   EE           MOV       A,R6
   \   00002D   6401         XRL       A,#0x1
   \   00002F   FA           MOV       R2,A
   \   000030   EF           MOV       A,R7
   \   000031   8054         SJMP      ??SampleApp_ProcessEvent_2
    377            }
   \                     ??SampleApp_ProcessEvent_3:
   \   000033   A3           INC       DPTR
   \   000034   E0           MOVX      A,@DPTR
   \   000035   90....       MOV       DPTR,#SampleApp_NwkState
   \   000038   F0           MOVX      @DPTR,A
   \   000039   6409         XRL       A,#0x9
   \   00003B   600A         JZ        ??SampleApp_ProcessEvent_4
   \   00003D   E0           MOVX      A,@DPTR
   \   00003E   6407         XRL       A,#0x7
   \   000040   6005         JZ        ??SampleApp_ProcessEvent_4
   \   000042   E0           MOVX      A,@DPTR
   \   000043   6406         XRL       A,#0x6
   \   000045   7010         JNZ       ??SampleApp_ProcessEvent_5
   \                     ??SampleApp_ProcessEvent_4:
   \   000047                ; Setup parameters for call to function osal_start_timerEx
   \   000047   7CB8         MOV       R4,#-0x48
   \   000049   7D0B         MOV       R5,#0xb
   \   00004B   7A01         MOV       R2,#0x1
   \   00004D   7B00         MOV       R3,#0x0
   \   00004F   90....       MOV       DPTR,#SampleApp_TaskID
   \   000052   E0           MOVX      A,@DPTR
   \   000053   F9           MOV       R1,A
   \   000054   12....       LCALL     `??osal_start_timerEx::?relay`; Banked call to: osal_start_timerEx
   \                     ??SampleApp_ProcessEvent_5:
   \   000057                ; Setup parameters for call to function osal_msg_deallocate
   \   000057   AA..         MOV       R2,?V0
   \   000059   AB..         MOV       R3,?V1
   \   00005B   12....       LCALL     `??osal_msg_deallocate::?relay`; Banked call to: osal_msg_deallocate
   \                     ??SampleApp_ProcessEvent_0:
   \   00005E                ; Setup parameters for call to function osal_msg_receive
   \   00005E   90....       MOV       DPTR,#SampleApp_TaskID
   \   000061   E0           MOVX      A,@DPTR
   \   000062   F9           MOV       R1,A
   \   000063   12....       LCALL     `??osal_msg_receive::?relay`; Banked call to: osal_msg_receive
   \   000066   8A..         MOV       ?V0,R2
   \   000068   8B..         MOV       ?V1,R3
   \   00006A   EA           MOV       A,R2
   \   00006B   4B           ORL       A,R3
   \   00006C   6014         JZ        ??SampleApp_ProcessEvent_6
   \   00006E   8A82         MOV       DPL,R2
   \   000070   8B83         MOV       DPH,R3
   \   000072   E0           MOVX      A,@DPTR
   \   000073   24E6         ADD       A,#-0x1a
   \   000075   6006         JZ        ??SampleApp_ProcessEvent_7
   \   000077   2449         ADD       A,#0x49
   \   000079   60B8         JZ        ??SampleApp_ProcessEvent_3
   \   00007B   80DA         SJMP      ??SampleApp_ProcessEvent_5
   \                     ??SampleApp_ProcessEvent_7:
   \   00007D                ; Setup parameters for call to function SampleApp_ProcessMSGCmd
   \   00007D   12....       LCALL     `??SampleApp_ProcessMSGCmd::?relay`; Banked call to: SampleApp_ProcessMSGCmd
   \   000080   80D5         SJMP      ??SampleApp_ProcessEvent_5
   \                     ??SampleApp_ProcessEvent_6:
   \   000082   EE           MOV       A,R6
   \   000083   FA           MOV       R2,A
   \   000084   EF           MOV       A,R7
   \   000085   6480         XRL       A,#0x80
   \                     ??SampleApp_ProcessEvent_2:
   \   000087   FB           MOV       R3,A
   \   000088   8004         SJMP      ??SampleApp_ProcessEvent_8
    378          
    379          #endif
    380          
    381            return (0); // Discard unknown events.
   \                     ??SampleApp_ProcessEvent_1:
   \   00008A   7A00         MOV       R2,#0x0
   \   00008C   7B00         MOV       R3,#0x0
   \                     ??SampleApp_ProcessEvent_8:
   \   00008E   7F04         MOV       R7,#0x4
   \   000090   02....       LJMP      ?BANKED_LEAVE_XDATA
    382          }
    383          
    384          /*********************************************************************
    385           * @fn      SerialApp_ProcessMSGCmd
    386           *
    387           * @brief   Data message processor callback. This function processes
    388           *          any incoming data - probably from other devices. Based
    389           *          on the cluster ID, perform the intended action.
    390           *
    391           * @param   pkt - pointer to the incoming message packet
    392           *
    393           * @return  TRUE if the 'pkt' parameter is being used and will be freed later,
    394           *          FALSE otherwise.
    395           */

   \                                 In  segment BANKED_CODE, align 1, keep-with-next
    396          void SampleApp_ProcessMSGCmd(afIncomingMSGPacket_t *pkt)
   \                     SampleApp_ProcessMSGCmd:
    397          {
   \   000000                REQUIRE ?V0
   \   000000                REQUIRE ?V1
   \   000000                REQUIRE ?V2
   \   000000   74F5         MOV       A,#-0xb
   \   000002   12....       LCALL     ?BANKED_ENTER_XDATA
   \   000005                ; Saved register size: 11
   \   000005                ; Auto size: 128
   \   000005   7480         MOV       A,#-0x80
   \   000007   12....       LCALL     ?ALLOC_XSTACK8
   \   00000A   EA           MOV       A,R2
   \   00000B   FE           MOV       R6,A
   \   00000C   EB           MOV       A,R3
   \   00000D   FF           MOV       R7,A
    398            uint8 buff[20] = {0};
    399          
    400            switch (pkt->clusterId)
   \   00000E   8A82         MOV       DPL,R2
   \   000010   F583         MOV       DPH,A
   \   000012   A3           INC       DPTR
   \   000013   A3           INC       DPTR
   \   000014   A3           INC       DPTR
   \   000015   A3           INC       DPTR
   \   000016   E0           MOVX      A,@DPTR
   \   000017   6404         XRL       A,#0x4
   \   000019   7002         JNZ       ??SampleApp_ProcessMSGCmd_0
   \   00001B   A3           INC       DPTR
   \   00001C   E0           MOVX      A,@DPTR
   \                     ??SampleApp_ProcessMSGCmd_0:
   \   00001D   6003         JZ        $+5
   \   00001F   02....       LJMP      ??SampleApp_ProcessMSGCmd_1 & 0xFFFF
    401            {
    402            // 接收终端上传的温度数据
    403            case SAMPLEAPP_P2P_CLUSTERID:
    404          #ifdef ZDO_COORDINATOR
    405            {
    406              end_temp = pkt->cmd.Data[0]; //终端温度
    407              end_hum = pkt->cmd.Data[1];  //终端湿度
    408          
    409              end_light = pkt->cmd.Data[2]; //终端亮度
    410              end_led2 = pkt->cmd.Data[3];
    411              end_obstacles = pkt->cmd.Data[4];
    412          
    413              //cor_led3 = !cor_led3;
    414              sprintf(buff, "T:%d", end_temp);
    415              HalLcdWriteString(buff, HAL_LCD_LINE_3); //LCD显示
    416          
    417              sprintf(buff, "H:%d", end_hum);
    418              HalLcdWriteString(buff, HAL_LCD_LINE_4); //LCD显示
    419            }
    420          #endif
    421            break;
    422          
    423            case SAMPLEAPP_PERIODIC_CLUSTERID:
    424          
    425              break;
    426            case SAMPLEAPP_CTE_CLUSTERID: //coor to end 终端进行命令解析和处理
    427              char buf[128];
                     ^
Warning[Pe1072]: a declaration cannot have a label
    428              osal_memset(buf, '\0', 128);
   \   000022                ; Setup parameters for call to function osal_memset
   \   000022   7C80         MOV       R4,#-0x80
   \   000024   7D00         MOV       R5,#0x0
   \   000026   7900         MOV       R1,#0x0
   \   000028   AA..         MOV       R2,?XSP + 0
   \   00002A   AB..         MOV       R3,?XSP + 1
   \   00002C   12....       LCALL     `??osal_memset::?relay`; Banked call to: osal_memset
    429              osal_memcpy(buf, pkt->cmd.Data, pkt->cmd.DataLength); //复制到缓冲区
   \   00002F                ; Setup parameters for call to function osal_memcpy
   \   00002F   EE           MOV       A,R6
   \   000030   2422         ADD       A,#0x22
   \   000032   F582         MOV       DPL,A
   \   000034   E4           CLR       A
   \   000035   3F           ADDC      A,R7
   \   000036   F583         MOV       DPH,A
   \   000038   E0           MOVX      A,@DPTR
   \   000039   F5..         MOV       ?V0,A
   \   00003B   A3           INC       DPTR
   \   00003C   E0           MOVX      A,@DPTR
   \   00003D   F5..         MOV       ?V1,A
   \   00003F   75..00       MOV       ?V2,#0x0
   \   000042   78..         MOV       R0,#?V0
   \   000044   12....       LCALL     ?PUSH_XSTACK_I_THREE
   \   000047   EE           MOV       A,R6
   \   000048   2420         ADD       A,#0x20
   \   00004A   F582         MOV       DPL,A
   \   00004C   E4           CLR       A
   \   00004D   3F           ADDC      A,R7
   \   00004E   F583         MOV       DPH,A
   \   000050   E0           MOVX      A,@DPTR
   \   000051   FC           MOV       R4,A
   \   000052   A3           INC       DPTR
   \   000053   E0           MOVX      A,@DPTR
   \   000054   FD           MOV       R5,A
   \   000055   7403         MOV       A,#0x3
   \   000057   12....       LCALL     ?XSTACK_DISP101_8
   \   00005A   12....       LCALL     `??osal_memcpy::?relay`; Banked call to: osal_memcpy
   \   00005D   7403         MOV       A,#0x3
   \   00005F   12....       LCALL     ?DEALLOC_XSTACK8
    430              HalUARTWrite(0, buf, osal_strlen(buf));               //串口输出提示信息
                                     ^
Warning[Pe167]: argument of type "char *" is incompatible with parameter of
          type "uint8 *"

    uint8 buff[20] = {0};
          ^
"C:\Users\OY\Desktop\ing\new\ZStack-2.5.1a\Projects\zstack\Samples\SampleApp\Source\SampleApp.c",398  Warning[Pe177]: 
          variable "buff" was declared but never referenced
   \   000062                ; Setup parameters for call to function osal_strlen
   \   000062   AA..         MOV       R2,?XSP + 0
   \   000064   AB..         MOV       R3,?XSP + 1
   \   000066   12....       LCALL     ?Subroutine1 & 0xFFFF
   \                     ??CrossCallReturnLabel_2:
   \   000069                ; Setup parameters for call to function HalUARTWrite
   \   000069   AA..         MOV       R2,?XSP + 0
   \   00006B   AB..         MOV       R3,?XSP + 1
   \   00006D   12....       LCALL     ?Subroutine0 & 0xFFFF
    431              HalUARTWrite(0, "\r\n", 2);                           //串口输出提示信息
    432          
    433              if (strstr(buf, "D2:0"))
   \                     ??CrossCallReturnLabel_0:
   \   000070                ; Setup parameters for call to function strstr
   \   000070   7C..         MOV       R4,#`?<Constant "D2:0">` & 0xff
   \   000072   7D..         MOV       R5,#(`?<Constant "D2:0">` >> 8) & 0xff
   \   000074   12....       LCALL     ?Subroutine2 & 0xFFFF
   \                     ??CrossCallReturnLabel_4:
   \   000077   6004         JZ        ??SampleApp_ProcessMSGCmd_2
    434                HalLedSet(HAL_LED_2, HAL_LED_MODE_OFF); //LED2
   \   000079                ; Setup parameters for call to function HalLedSet
   \   000079   7A00         MOV       R2,#0x0
   \   00007B   800B         SJMP      ??SampleApp_ProcessMSGCmd_3
    435              else if (strstr(buf, "D2:1"))
   \                     ??SampleApp_ProcessMSGCmd_2:
   \   00007D                ; Setup parameters for call to function strstr
   \   00007D   7C..         MOV       R4,#`?<Constant "D2:1">` & 0xff
   \   00007F   7D..         MOV       R5,#(`?<Constant "D2:1">` >> 8) & 0xff
   \   000081   12....       LCALL     ?Subroutine2 & 0xFFFF
   \                     ??CrossCallReturnLabel_5:
   \   000084   6007         JZ        ??SampleApp_ProcessMSGCmd_4
    436                HalLedSet(HAL_LED_2, HAL_LED_MODE_ON); //LED2
   \   000086                ; Setup parameters for call to function HalLedSet
   \   000086   7A01         MOV       R2,#0x1
   \                     ??SampleApp_ProcessMSGCmd_3:
   \   000088   7902         MOV       R1,#0x2
   \   00008A   12....       LCALL     `??HalLedSet::?relay`; Banked call to: HalLedSet
    437          
    438              if (strstr(buf, "B:1"))
   \                     ??SampleApp_ProcessMSGCmd_4:
   \   00008D                ; Setup parameters for call to function strstr
   \   00008D   7C..         MOV       R4,#`?<Constant "B:1">` & 0xff
   \   00008F   7D..         MOV       R5,#(`?<Constant "B:1">` >> 8) & 0xff
   \   000091   12....       LCALL     ?Subroutine2 & 0xFFFF
   \                     ??CrossCallReturnLabel_6:
   \   000094   6004         JZ        ??SampleApp_ProcessMSGCmd_5
    439                P0_4 = 0;
   \   000096   C284         CLR       0x80.4
   \   000098   800B         SJMP      ??SampleApp_ProcessMSGCmd_6
    440              else if (strstr(buf, "B:0"))
   \                     ??SampleApp_ProcessMSGCmd_5:
   \   00009A                ; Setup parameters for call to function strstr
   \   00009A   7C..         MOV       R4,#`?<Constant "B:0">` & 0xff
   \   00009C   7D..         MOV       R5,#(`?<Constant "B:0">` >> 8) & 0xff
   \   00009E   12....       LCALL     ?Subroutine2 & 0xFFFF
   \                     ??CrossCallReturnLabel_7:
   \   0000A1   6002         JZ        ??SampleApp_ProcessMSGCmd_6
    441                P0_4 = 1;
   \   0000A3   D284         SETB      0x80.4
    442          
    443              osal_memset(buf, '\0', 128);
   \                     ??SampleApp_ProcessMSGCmd_6:
   \   0000A5                ; Setup parameters for call to function osal_memset
   \   0000A5   7C80         MOV       R4,#-0x80
   \   0000A7   7D00         MOV       R5,#0x0
   \   0000A9   7900         MOV       R1,#0x0
   \   0000AB   AA..         MOV       R2,?XSP + 0
   \   0000AD   AB..         MOV       R3,?XSP + 1
   \   0000AF   12....       LCALL     `??osal_memset::?relay`; Banked call to: osal_memset
    444              break;
    445            default:
    446              break;
    447            }
    448          }
   \                     ??SampleApp_ProcessMSGCmd_1:
   \   0000B2   7480         MOV       A,#-0x80
   \   0000B4   12....       LCALL     ?DEALLOC_XSTACK8
   \   0000B7   7F03         MOV       R7,#0x3
   \   0000B9   02....       LJMP      ?BANKED_LEAVE_XDATA
   \   0000BC                REQUIRE _A_P0

   \                                 In  segment BANKED_CODE, align 1, keep-with-next
   \                     ?Subroutine2:
   \   000000   AA..         MOV       R2,?XSP + 0
   \   000002   AB..         MOV       R3,?XSP + 1
   \   000004   12....       LCALL     `??strstr::?relay`; Banked call to: strstr
   \   000007   EA           MOV       A,R2
   \   000008   4B           ORL       A,R3
   \   000009   22           RET

   \                                 In  segment BANKED_CODE, align 1, keep-with-next
   \                     ?Subroutine1:
   \   000000   12....       LCALL     `??osal_strlen::?relay`; Banked call to: osal_strlen
   \   000003   8A..         MOV       ?V0,R2
   \   000005   8B..         MOV       ?V1,R3
   \   000007   AC..         MOV       R4,?V0
   \   000009   AD..         MOV       R5,?V1
   \   00000B   22           RET

   \                                 In  segment BANKED_CODE, align 1, keep-with-next
   \                     ?Subroutine0:
   \   000000   7900         MOV       R1,#0x0
   \   000002   12....       LCALL     `??HalUARTWrite::?relay`; Banked call to: HalUARTWrite
   \   000005                ; Setup parameters for call to function HalUARTWrite
   \   000005                ; Setup parameters for call to function HalUARTWrite
   \   000005   7C02         MOV       R4,#0x2
   \   000007   7D00         MOV       R5,#0x0
   \   000009   7A..         MOV       R2,#`?<Constant "\\r\\n">` & 0xff
   \   00000B   7B..         MOV       R3,#(`?<Constant "\\r\\n">` >> 8) & 0xff
   \   00000D   7900         MOV       R1,#0x0
   \   00000F   12....       LCALL     `??HalUARTWrite::?relay`; Banked call to: HalUARTWrite
   \   000012   22           RET
    449          
    450          #ifdef ZDO_COORDINATOR
    451          
    452          //发送MQTT数据
    453          void ESP8266_SendData(char *buff, int len)
    454          {
    455            if (len == 0)
    456              return;
    457          
    458            HalUARTWrite(0, buff, len);
    459          }
    460          
    461          //接收到下发命令，或者接收到订阅的消息
    462          //topic:收到的主题
    463          //cmd::主题对应的内容
    464          void mqtt_rx(uint8 *topic, uint8 *cmd)
    465          {
    466            char *ptr_led3_on = NULL;
    467            char *ptr_led3_off = NULL;
    468          
    469            char *this_topic = NULL;
    470            //控制命令格式
    471            char uartbuf[] = {'D', '2', ':', ' ',
    472                              'B', ':', ' ','\0'};
    473            //协调器收到数据后
    474            //根据设计决定数据如何处理
    475          
    476            if (topic == NULL || cmd == NULL)
    477              return;
    478          
    479            //我们只关心内容，即只关心CMD，不处理主题
    480          
    481            ptr_led3_on = strstr((char *)cmd, "\"led\":1");
    482            ptr_led3_off = strstr((char *)cmd, "\"led\":0");
    483          
    484            if (ptr_led3_on != NULL)
    485            {
    486              // coor led3
    487              //P1_4 = 0; //D3亮
    488              //cor_led3 = 1;
    489              uartbuf[3] = '1';
    490              uartbuf[6] = '1';
    491            }
    492            else if (ptr_led3_off != NULL)
    493            {
    494              // coor led3
    495              //P1_4 = 1; //D3灭
    496              //cor_led3 = 0;
    497              uartbuf[3] = '0';
    498              uartbuf[6] = '0';
    499            }
    500            HalLedBlink(HAL_LED_1, 5, 50, 500);
    501          
    502            AF_DataRequest(&SampleApp_P2P_DstAddr,  //&Endevice_Add,  //目的节点网络地址和发送格式
    503                           &SampleApp_epDesc,       //目的地址端口号
    504                           SAMPLEAPP_CTE_CLUSTERID, //命令号，用于区别命令 coor to end
    505                           7,//osal_strlen(uartbuf),    //发送数据的长度
    506                           uartbuf,                 //发送数据的缓冲区
    507                           &SampleApp_MsgID,        //发送序号,发完+1
    508                           AF_DISCV_ROUTE,
    509                           AF_DEFAULT_RADIUS);
    510          }
    511          
    512          void OneNet_publish_topic()
    513          {
    514            uint8 buff[20] = {0};
    515          
    516            sprintf(buff, "t:%d,h:%d", end_temp, end_hum);
    517          
    518            /*  发布主题为"hello_topic_public"，消息为温度和湿度 */
    519            if (0 == mqtt_publish_topic("hello_topic_public", buff))
    520            {
    521              ;
    522            }
    523          }
    524          
    525          /*********************************************************************
    526           * @fn      SampleApp_CallBack
    527           *
    528           * @brief   Send data OTA.
    529           *
    530           * @param   port - UART port.
    531           * @param   event - the UART port event flag.
    532           *
    533           * @return  none
    534           */
    535          uint32 lastReadMs = 0;
    536          void SampleApp_CallBack(uint8 port, uint8 event)
    537          {
    538            (void)port;
    539          
    540            if (0 == onenet_login_ok)
    541            {
    542              HalUARTRead(SAMPLE_APP_PORT, SampleApp_RxBuf, SAMPLE_APP_RX_MAX);
    543              SampleApp_RxLen = 0;
    544              osal_memset(SampleApp_RxBuf, 0, SAMPLE_APP_RX_MAX);
    545            }
    546            else if (1 == onenet_login_ok) //onenet注册成功 0:未注册，1：注册中　2：注册成功
    547            {
    548              //一个一个字节读
    549              SampleApp_RxLen += HalUARTRead(SAMPLE_APP_PORT, SampleApp_RxBuf + SampleApp_RxLen, 4);
    550          
    551              //判断是否是注册成功
    552              if (SampleApp_RxLen >= 4)
    553              {
    554                //        debug("rx len=%d(%x,%x,%x,%x)\r\n", SampleApp_RxLen,SampleApp_RxBuf[0],SampleApp_RxBuf[1],SampleApp_RxBuf[2],SampleApp_RxBuf[3]);
    555          
    556                //等待接入响应
    557                if (MQTT_UnPacketRecv(SampleApp_RxBuf) == MQTT_PKT_CONNACK)
    558                {
    559                  if (0 == MQTT_UnPacketConnectAck(SampleApp_RxBuf))
    560                  {
    561                    onenet_login_ok = 2; //注册成功
    562                    SampleApp_RxLen = 0;
    563          
    564                    //请求订阅主题
    565                    if (mqtt_subscribe_topic(g_mqtt_topics_set, 1) == 0)
    566                    {
    567                      //订阅成功P1_4  D3变为亮
    568                      P1_4 = 0;
    569                    }
    570                  }
    571                }
    572              }
    573          
    574              //数组满，清0
    575              if (SampleApp_RxLen >= SAMPLE_APP_RX_MAX)
    576              {
    577                SampleApp_RxLen = 0;
    578              }
    579            }
    580            else if (2 == onenet_login_ok)
    581            {
    582              //如果是注册成功，读服务器的控制命令
    583          
    584              uint32 curMs = osal_GetSystemClock();
    585          
    586              if ((curMs - lastReadMs) < 1000)
    587                return;
    588          
    589              lastReadMs = curMs;
    590              SampleApp_RxLen = 0;
    591              osal_memset(SampleApp_RxBuf, 0, SAMPLE_APP_RX_MAX + 1);
    592              SampleApp_RxLen = HalUARTRead(SAMPLE_APP_PORT, SampleApp_RxBuf, SAMPLE_APP_RX_MAX); //读长200的数据
    593          
    594              if (SampleApp_RxLen > 0)
    595              {
    596                debug("rx len=%d.\r\n", SampleApp_RxLen);
    597                //接收消息
    598                OneNet_RevPro(SampleApp_RxBuf);
    599                //debug LED3
    600                //        HalLedBlink (HAL_LED_3, 5, 50, 500); //HalLedSet
    601                SampleApp_RxLen = 0;
    602                osal_memset(SampleApp_RxBuf, 0, SAMPLE_APP_RX_MAX + 1);
    603              }
    604            }
    605          }
    606          
    607          #else
    608          #include "hal_ADC.h"
    609          /*********************************************************************
    610           * @fn      SampleApp_Send_P2P_Message
    611           *
    612           * @brief   point to point.
    613           *
    614           * @param   none
    615           *
    616           * @return  none
    617           */

   \                                 In  segment BANKED_CODE, align 1, keep-with-next
    618          void SampleApp_Send_P2P_Message(void)
   \                     SampleApp_Send_P2P_Message:
    619          {
   \   000000                REQUIRE ?V0
   \   000000                REQUIRE ?V1
   \   000000   74F6         MOV       A,#-0xa
   \   000002   12....       LCALL     ?BANKED_ENTER_XDATA
   \   000005                ; Saved register size: 10
   \   000005                ; Auto size: 26
   \   000005   74E6         MOV       A,#-0x1a
   \   000007   12....       LCALL     ?ALLOC_XSTACK8
    620            uint8 str[6] = {0};
   \   00000A   90....       MOV       DPTR,#`?<Constant {0, 0, 0, 0, 0, 0}>`
   \   00000D   AC..         MOV       R4,?XSP + 0
   \   00000F   AD..         MOV       R5,?XSP + 1
   \   000011   7406         MOV       A,#0x6
   \   000013   12....       LCALL     ?MOVE_LONG8_XDATA_XDATA
    621            uint8 strTemp[20] = {0};
   \   000016   90....       MOV       DPTR,#`?<Constant {0, 0, 0, 0, 0, 0, 0, 0, 0, 0, 0, 0`
   \   000019   7406         MOV       A,#0x6
   \   00001B   12....       LCALL     ?XSTACK_DISP102_8
   \   00001E   7414         MOV       A,#0x14
   \   000020   12....       LCALL     ?MOVE_LONG8_XDATA_XDATA
    622            uint8 end_obstacles_temp = 0;
    623            uint8 end_buzzer_temp = 0;
    624            int len = 0;
    625          
    626            osal_memset(str, '\0', 5);
   \   000023                ; Setup parameters for call to function osal_memset
   \   000023   7C05         MOV       R4,#0x5
   \   000025   FD           MOV       R5,A
   \   000026   F9           MOV       R1,A
   \   000027   AA..         MOV       R2,?XSP + 0
   \   000029   AB..         MOV       R3,?XSP + 1
   \   00002B   12....       LCALL     `??osal_memset::?relay`; Banked call to: osal_memset
    627            osal_memset(strTemp, '\0', 20);
   \   00002E                ; Setup parameters for call to function osal_memset
   \   00002E   7C14         MOV       R4,#0x14
   \   000030   7D00         MOV       R5,#0x0
   \   000032   7900         MOV       R1,#0x0
   \   000034   7406         MOV       A,#0x6
   \   000036   12....       LCALL     ?XSTACK_DISP101_8
   \   000039   12....       LCALL     `??osal_memset::?relay`; Banked call to: osal_memset
    628          
    629            DHT11(); //获取温湿度
   \   00003C                ; Setup parameters for call to function DHT11
   \   00003C   12....       LCALL     `??DHT11::?relay`; Banked call to: DHT11
    630          
    631            HalAdcInit();
   \   00003F                ; Setup parameters for call to function HalAdcInit
   \   00003F   12....       LCALL     `??HalAdcInit::?relay`; Banked call to: HalAdcInit
    632            uint8 end_light_temp = HalAdcRead(HAL_ADC_CHANNEL_6, HAL_ADC_RESOLUTION_8);
   \   000042                ; Setup parameters for call to function HalAdcRead
   \   000042   7A01         MOV       R2,#0x1
   \   000044   7906         MOV       R1,#0x6
   \   000046   12....       LCALL     `??HalAdcRead::?relay`; Banked call to: HalAdcRead
   \   000049   8A..         MOV       ?V0,R2
    633            uint8 end_led2_temp = 0;
    634          
    635            if (P1_1 == 1)
   \   00004B   AB90         MOV       R3,0x90+0x0
    636              end_led2_temp = 0;
    637            else
    638              end_led2_temp = 1;
    639          
    640            //障碍物检查
    641            if (P0_5 == 1) //拉高
   \   00004D   AA80         MOV       R2,0x80+0x0
    642            {
    643              end_obstacles_temp = 0;
    644            }
    645            else   
    646              end_obstacles_temp = 1;
    647            str[0] = wendu; //温度
   \   00004F   90....       MOV       DPTR,#wendu
   \   000052   E0           MOVX      A,@DPTR
   \   000053   85..82       MOV       DPL,?XSP + 0
   \   000056   85..83       MOV       DPH,?XSP + 1
   \   000059   F0           MOVX      @DPTR,A
    648            str[1] = shidu; //湿度
   \   00005A   90....       MOV       DPTR,#shidu
   \   00005D   E0           MOVX      A,@DPTR
   \   00005E   C0E0         PUSH      A
   \   000060   7401         MOV       A,#0x1
   \   000062   12....       LCALL     ?XSTACK_DISP0_8
   \   000065   D0E0         POP       A
   \   000067   F0           MOVX      @DPTR,A
    649          
    650            str[2] = end_light_temp;     //亮度
   \   000068   7402         MOV       A,#0x2
   \   00006A   12....       LCALL     ?XSTACK_DISP0_8
   \   00006D   E5..         MOV       A,?V0
   \   00006F   F0           MOVX      @DPTR,A
    651            str[3] = end_led2_temp;      //led3状态
   \   000070   EB           MOV       A,R3
   \   000071   A2E1         MOV       C,0xE0 /* A   */.1
   \   000073   4004         JC        ??SampleApp_Send_P2P_Message_0
   \   000075   D2F0         SETB      B.0
   \   000077   8002         SJMP      ??SampleApp_Send_P2P_Message_1
   \                     ??SampleApp_Send_P2P_Message_0:
   \   000079   C2F0         CLR       B.0
   \                     ??SampleApp_Send_P2P_Message_1:
   \   00007B   A2F0         MOV       C,B.0
   \   00007D   E4           CLR       A
   \   00007E   33           RLC       A
   \   00007F   C0E0         PUSH      A
   \   000081   7403         MOV       A,#0x3
   \   000083   12....       LCALL     ?XSTACK_DISP0_8
   \   000086   D0E0         POP       A
   \   000088   F0           MOVX      @DPTR,A
    652            str[4] = end_obstacles_temp; //障碍物情况
   \   000089   EA           MOV       A,R2
   \   00008A   A2E5         MOV       C,0xE0 /* A   */.5
   \   00008C   4004         JC        ??SampleApp_Send_P2P_Message_2
   \   00008E   D2F0         SETB      B.0
   \   000090   8002         SJMP      ??SampleApp_Send_P2P_Message_3
   \                     ??SampleApp_Send_P2P_Message_2:
   \   000092   C2F0         CLR       B.0
   \                     ??SampleApp_Send_P2P_Message_3:
   \   000094   A2F0         MOV       C,B.0
   \   000096   E4           CLR       A
   \   000097   33           RLC       A
   \   000098   C0E0         PUSH      A
   \   00009A   7404         MOV       A,#0x4
   \   00009C   12....       LCALL     ?XSTACK_DISP0_8
   \   00009F   D0E0         POP       A
   \   0000A1   F0           MOVX      @DPTR,A
    653            //str[5] = end_buzzer_temp;    //buzzer情况
    654            len = 5;
    655            str[5] = '\0';
   \   0000A2   7405         MOV       A,#0x5
   \   0000A4   12....       LCALL     ?XSTACK_DISP0_8
   \   0000A7   E4           CLR       A
   \   0000A8   F0           MOVX      @DPTR,A
    656            sprintf(strTemp, "T&H:%d %d", str[0], str[1]);
                           ^
Warning[Pe167]: argument of type "uint8 *" is incompatible with parameter of
          type "char *"
   \   0000A9                ; Setup parameters for call to function sprintf
   \   0000A9   04           INC       A
   \   0000AA   12....       LCALL     ?XSTACK_DISP0_8
   \   0000AD   E0           MOVX      A,@DPTR
   \   0000AE   F5..         MOV       ?V0,A
   \   0000B0   75..00       MOV       ?V1,#0x0
   \   0000B3   78..         MOV       R0,#?V0
   \   0000B5   12....       LCALL     ?PUSH_XSTACK_I_TWO
   \   0000B8   7402         MOV       A,#0x2
   \   0000BA   12....       LCALL     ?XSTACK_DISP0_8
   \   0000BD   E0           MOVX      A,@DPTR
   \   0000BE   F5..         MOV       ?V0,A
   \   0000C0   78..         MOV       R0,#?V0
   \   0000C2   12....       LCALL     ?PUSH_XSTACK_I_TWO
   \   0000C5   7C..         MOV       R4,#`?<Constant "T&H:%d %d">` & 0xff
   \   0000C7   7D..         MOV       R5,#(`?<Constant "T&H:%d %d">` >> 8) & 0xff
   \   0000C9   740A         MOV       A,#0xa
   \   0000CB   12....       LCALL     ?XSTACK_DISP101_8
   \   0000CE   12....       LCALL     `??sprintf::?relay`; Banked call to: sprintf
   \   0000D1   7404         MOV       A,#0x4
   \   0000D3   12....       LCALL     ?DEALLOC_XSTACK8
    657            HalLcdWriteString(strTemp, HAL_LCD_LINE_3); //LCD显示
                                     ^
Warning[Pe167]: argument of type "uint8 *" is incompatible with parameter of
          type "char *"
   \   0000D6                ; Setup parameters for call to function HalLcdWriteString
   \   0000D6   7903         MOV       R1,#0x3
   \   0000D8   7406         MOV       A,#0x6
   \   0000DA   12....       LCALL     ?XSTACK_DISP101_8
   \   0000DD   12....       LCALL     `??HalLcdWriteString::?relay`; Banked call to: HalLcdWriteString
    658          
    659            HalUARTWrite(0, strTemp, osal_strlen(strTemp)); //串口输出提示信息
                                                        ^
Warning[Pe167]: argument of type "uint8 *" is incompatible with parameter of
          type "char *"

    uint8 end_buzzer_temp = 0;
          ^
"C:\Users\OY\Desktop\ing\new\ZStack-2.5.1a\Projects\zstack\Samples\SampleApp\Source\SampleApp.c",623  Warning[Pe177]: 
          variable "end_buzzer_temp" was declared but never referenced

    int len = 0;
        ^
"C:\Users\OY\Desktop\ing\new\ZStack-2.5.1a\Projects\zstack\Samples\SampleApp\Source\SampleApp.c",624  Warning[Pe550]: 
          variable "len" was set but never used

  static uint16 SampleApp_RxLen = 0;
                ^
"C:\Users\OY\Desktop\ing\new\ZStack-2.5.1a\Projects\zstack\Samples\SampleApp\Source\SampleApp.c",106  Warning[Pe177]: 
          variable "SampleApp_RxLen" was declared but never referenced

  static void OneNet_publish_topic();
              ^
"C:\Users\OY\Desktop\ing\new\ZStack-2.5.1a\Projects\zstack\Samples\SampleApp\Source\SampleApp.c",131  Warning[Pe177]: 
          function "OneNet_publish_topic" was declared but never referenced
   \   0000E0                ; Setup parameters for call to function osal_strlen
   \   0000E0   7406         MOV       A,#0x6
   \   0000E2   12....       LCALL     ?XSTACK_DISP101_8
   \   0000E5   12....       LCALL     ?Subroutine1 & 0xFFFF
   \                     ??CrossCallReturnLabel_3:
   \   0000E8                ; Setup parameters for call to function HalUARTWrite
   \   0000E8   7406         MOV       A,#0x6
   \   0000EA   12....       LCALL     ?XSTACK_DISP101_8
   \   0000ED   12....       LCALL     ?Subroutine0 & 0xFFFF
    660            HalUARTWrite(0, "\r\n", 2);
    661          
    662            //无线发送到协调器
    663            if (AF_DataRequest(&SampleApp_P2P_DstAddr, &SampleApp_epDesc,
    664                               SAMPLEAPP_P2P_CLUSTERID,
    665                               6,//osal_strlen(str),//这个有bugosal得出33
    666                               str,
    667                               &SampleApp_MsgID,
    668                               AF_DISCV_ROUTE,
    669                               AF_DEFAULT_RADIUS) == afStatus_SUCCESS)
   \                     ??CrossCallReturnLabel_1:
   \   0000F0                ; Setup parameters for call to function AF_DataRequest
   \   0000F0   75..1E       MOV       ?V0,#0x1e
   \   0000F3   78..         MOV       R0,#?V0
   \   0000F5   12....       LCALL     ?PUSH_XSTACK_I_ONE
   \   0000F8   75....       MOV       ?V0,#SampleApp_MsgID & 0xff
   \   0000FB   75....       MOV       ?V1,#(SampleApp_MsgID >> 8) & 0xff
   \   0000FE   78..         MOV       R0,#?V0
   \   000100   12....       LCALL     ?PUSH_XSTACK_I_TWO
   \   000103   7403         MOV       A,#0x3
   \   000105   12....       LCALL     ?XSTACK_DISP100_8
   \   000108   88..         MOV       ?V0,R0
   \   00010A   89..         MOV       ?V1,R1
   \   00010C   78..         MOV       R0,#?V0
   \   00010E   12....       LCALL     ?PUSH_XSTACK_I_TWO
   \   000111   75..06       MOV       ?V0,#0x6
   \   000114   75..00       MOV       ?V1,#0x0
   \   000117   78..         MOV       R0,#?V0
   \   000119   12....       LCALL     ?PUSH_XSTACK_I_TWO
   \   00011C   75..01       MOV       ?V0,#0x1
   \   00011F   78..         MOV       R0,#?V0
   \   000121   12....       LCALL     ?PUSH_XSTACK_I_TWO
   \   000124   7920         MOV       R1,#0x20
   \   000126   7C..         MOV       R4,#SampleApp_epDesc & 0xff
   \   000128   7D..         MOV       R5,#(SampleApp_epDesc >> 8) & 0xff
   \   00012A   7A..         MOV       R2,#SampleApp_P2P_DstAddr & 0xff
   \   00012C   7B..         MOV       R3,#(SampleApp_P2P_DstAddr >> 8) & 0xff
   \   00012E   12....       LCALL     `??AF_DataRequest::?relay`; Banked call to: AF_DataRequest
   \   000131   7409         MOV       A,#0x9
   \   000133   12....       LCALL     ?DEALLOC_XSTACK8
    670            {
    671            }
    672            else
    673            {
    674              // Error occurred in request to send.
    675            }
    676          }
   \   000136   741A         MOV       A,#0x1a
   \   000138   12....       LCALL     ?DEALLOC_XSTACK8
   \   00013B   7F02         MOV       R7,#0x2
   \   00013D   02....       LJMP      ?BANKED_LEAVE_XDATA
   \   000140                REQUIRE _A_P1
   \   000140                REQUIRE _A_P0
    677          

   \                                 In  segment BANKED_CODE, align 1, keep-with-next
    678          void SampleApp_CallBack(uint8 port, uint8 event)
   \                     SampleApp_CallBack:
    679          {
   \   000000   C082         PUSH      DPL
   \   000002   C083         PUSH      DPH
   \   000004                ; Saved register size: 2
   \   000004                ; Auto size: 0
    680            (void)port;
    681          
    682            HalUARTRead(SAMPLE_APP_PORT, SampleApp_RxBuf, 1);
   \   000004                ; Setup parameters for call to function HalUARTRead
   \   000004   7C01         MOV       R4,#0x1
   \   000006   7D00         MOV       R5,#0x0
   \   000008   7A..         MOV       R2,#SampleApp_RxBuf & 0xff
   \   00000A   7B..         MOV       R3,#(SampleApp_RxBuf >> 8) & 0xff
   \   00000C   7900         MOV       R1,#0x0
   \   00000E   12....       LCALL     `??HalUARTRead::?relay`; Banked call to: HalUARTRead
    683          }
   \   000011   D083         POP       DPH
   \   000013   D082         POP       DPL
   \   000015   02....       LJMP      ?BRET
    684          
    685          #endif
    686          
    687          //调试信息输出

   \                                 In  segment BANKED_CODE, align 1, keep-with-next
    688          void debug(uint8 *msg, ...)
   \                     debug:
    689          {
   \   000000                ; Saved register size: 0
   \   000000                ; Auto size: 0
    690          #if 0
    691              uint8 len=0;
    692              char info[200] = {0};
    693              va_list args;
    694          
    695              if(msg==NULL) return;
    696          
    697              va_start(args, msg);
    698              vsprintf(info, (const char*)msg, args);//从头插入到info中
    699              va_end(args);
    700              
    701              
    702              len=osal_strlen((char *)info);
    703              if(len==0) return;
    704              
    705              
    706          
    707              HalUARTWrite(1,info, len);//串口1发送
    708              osal_memset(info,'\0',200);
    709          //    HAL_UART_PORT_0
    710          #endif
    711          }
   \   000000   02....       LJMP      ?BRET

   \                                 In  segment XDATA_ID, align 1, keep-with-next
   \                     `?<Initializer for SampleApp_epDesc>`:
   \   000000   0B           DB 11
   \   000001   ....         DW SampleApp_TaskID
   \   000003   ....         DW SampleApp_SimpleDesc
   \   000005   00           DB 0

   \                                 In  segment XDATA_ROM_C, align 1
   \                     `?<Constant "\\r\\n">`:
   \   000000   0D0A00       DB "\015\012"

   \                                 In  segment XDATA_ROM_C, align 1
   \                     `?<Constant "D2:0">`:
   \   000000   44323A30     DB "D2:0"
   \            00      

   \                                 In  segment XDATA_ROM_C, align 1
   \                     `?<Constant "D2:1">`:
   \   000000   44323A31     DB "D2:1"
   \            00      

   \                                 In  segment XDATA_ROM_C, align 1
   \                     `?<Constant "B:1">`:
   \   000000   423A3100     DB "B:1"

   \                                 In  segment XDATA_ROM_C, align 1
   \                     `?<Constant "B:0">`:
   \   000000   423A3000     DB "B:0"

   \                                 In  segment XDATA_ROM_C, align 1
   \                     `?<Constant {0, 0, 0, 0, 0, 0}>`:
   \   000000   00           DB 0
   \   000001   00           DB 0
   \   000002   00           DB 0
   \   000003   00           DB 0
   \   000004   00           DB 0
   \   000005   00           DB 0

   \                                 In  segment XDATA_ROM_C, align 1
   \                     `?<Constant {0, 0, 0, 0, 0, 0, 0, 0, 0, 0, 0, 0`:
   \   000000   00           DB 0
   \   000001   00           DB 0
   \   000002   00           DB 0
   \   000003   00           DB 0
   \   000004   00           DB 0
   \   000005   00           DB 0
   \   000006   00           DB 0
   \   000007   00           DB 0
   \   000008   00           DB 0
   \   000009   00           DB 0
   \   00000A   00           DB 0
   \   00000B   00           DB 0
   \   00000C   00           DB 0
   \   00000D   00           DB 0
   \   00000E   00           DB 0
   \   00000F   00           DB 0
   \   000010   00           DB 0
   \   000011   00           DB 0
   \   000012   00           DB 0
   \   000013   00           DB 0

   \                                 In  segment XDATA_ROM_C, align 1
   \                     `?<Constant "T&H:%d %d">`:
   \   000000   5426483A     DB "T&H:%d %d"
   \            25642025
   \            6400    

   Maximum stack usage in bytes:

   ISTACK XSTACK Function
   ------ ------ --------
      2      0   SampleApp_CallBack
        2      0   -> HalUARTRead
      0      0   SampleApp_HandleKeys
      0      9   SampleApp_Init
        0      9   -> MT_UartInit
        0      9   -> MT_UartRegisterTaskID
        0      9   -> RegisterForKeys
        0      9   -> afRegister
      0     12   SampleApp_ProcessEvent
        0     12   -> SampleApp_ProcessMSGCmd
        0     12   -> SampleApp_Send_P2P_Message
        0     12   -> osal_msg_deallocate
        0     12   -> osal_msg_receive
        0     12   -> osal_rand
        0     12   -> osal_start_timerEx
      0    154   SampleApp_ProcessMSGCmd
        0    139   -> HalLedSet
        0    139   -> HalUARTWrite
        0    142   -> osal_memcpy
        0    139   -> osal_memset
        0    139   -> osal_strlen
        0    139   -> strstr
      1     57   SampleApp_Send_P2P_Message
        0     45   -> AF_DataRequest
        0     36   -> DHT11
        0     36   -> HalAdcInit
        0     36   -> HalAdcRead
        0     36   -> HalLcdWriteString
        0     36   -> HalUARTWrite
        0     36   -> osal_memset
        0     36   -> osal_strlen
        0     40   -> sprintf
      0      0   debug


   Segment part sizes:

   Bytes  Function/Label
   -----  --------------
       4  ?<Constant "B:0">
       4  ?<Constant "B:1">
       5  ?<Constant "D2:0">
       5  ?<Constant "D2:1">
      10  ?<Constant "T&H:%d %d">
       3  ?<Constant "\r\n">
      20  ?<Constant {0, 0, 0, 0, 0, 0, 0, 0, 0, 0, 0, 0
       6  ?<Constant {0, 0, 0, 0, 0, 0}>
       6  ?<Initializer for SampleApp_epDesc>
      19  ?Subroutine0
      12  ?Subroutine1
      10  ?Subroutine2
       1  P0DIR
       1  P0SEL
      24  SampleApp_CallBack
       8  SampleApp_ClusterList
       3  SampleApp_HandleKeys
      67  SampleApp_Init
       1  SampleApp_MsgID
       1  SampleApp_NwkState
      12  SampleApp_P2P_DstAddr
     147  SampleApp_ProcessEvent
     188  SampleApp_ProcessMSGCmd
     201  SampleApp_RxBuf
     320  SampleApp_Send_P2P_Message
      12  SampleApp_SimpleDesc
       1  SampleApp_TaskID
       6  SampleApp_epDesc
       1  _A_P0
       1  _A_P1
       1  cor_led3
       3  debug
       1  end_buzzer
       1  end_hum
       1  end_led2
       1  end_light
       1  end_obstacles
       1  end_temp
       1  onenet_login_ok
      42  -- Other

 
 793 bytes in segment BANKED_CODE
  42 bytes in segment BANK_RELAYS
   4 bytes in segment SFR_AN
   6 bytes in segment XDATA_I
   6 bytes in segment XDATA_ID
  77 bytes in segment XDATA_ROM_C
 224 bytes in segment XDATA_Z
 
  48 bytes of CODE     memory
  77 bytes of CONST    memory
   0 bytes of DATA     memory (+ 4 bytes shared)
 793 bytes of HUGECODE memory
 230 bytes of XDATA    memory

Errors: none
Warnings: 12
